  [1m[35m (234.3ms)[0m  [1m[35mCREATE DATABASE "notable_health_development" ENCODING = 'unicode'[0m
  ↳ bin/rails:9
  [1m[35m (86.6ms)[0m  [1m[35mCREATE DATABASE "notable_health_test" ENCODING = 'unicode'[0m
  ↳ bin/rails:9
  [1m[35m (1.4ms)[0m  [1m[35mCREATE DATABASE "notable_health_development" ENCODING = 'unicode'[0m
  ↳ bin/rails:9
  [1m[35m (0.6ms)[0m  [1m[35mCREATE DATABASE "notable_health_test" ENCODING = 'unicode'[0m
  ↳ bin/rails:9
  [1m[35m (31.0ms)[0m  [1m[35mCREATE TABLE "schema_migrations" ("version" character varying NOT NULL PRIMARY KEY)[0m
  ↳ bin/rails:9
  [1m[35m (5.7ms)[0m  [1m[35mCREATE TABLE "ar_internal_metadata" ("key" character varying NOT NULL PRIMARY KEY, "value" character varying, "created_at" timestamp NOT NULL, "updated_at" timestamp NOT NULL)[0m
  ↳ bin/rails:9
  [1m[35m (0.9ms)[0m  [1m[34mSELECT pg_try_advisory_lock(6104494822616622285)[0m
  ↳ bin/rails:9
  [1m[35m (0.9ms)[0m  [1m[34mSELECT "schema_migrations"."version" FROM "schema_migrations" ORDER BY "schema_migrations"."version" ASC[0m
  ↳ bin/rails:9
Migrating to CreatePhysician (20201223231045)
  [1m[35m (0.1ms)[0m  [1m[35mBEGIN[0m
  ↳ bin/rails:9
  [1m[35m (8.7ms)[0m  [1m[35mCREATE TABLE "physicians" ("id" bigserial primary key, "name" character varying NOT NULL)[0m
  ↳ db/migrate/20201223231045_create_physician.rb:3
  [1m[36mActiveRecord::SchemaMigration Create (1.5ms)[0m  [1m[32mINSERT INTO "schema_migrations" ("version") VALUES ($1) RETURNING "version"[0m  [["version", "20201223231045"]]
  ↳ bin/rails:9
  [1m[35m (0.2ms)[0m  [1m[35mCOMMIT[0m
  ↳ bin/rails:9
  [1m[36mActiveRecord::InternalMetadata Load (0.7ms)[0m  [1m[34mSELECT  "ar_internal_metadata".* FROM "ar_internal_metadata" WHERE "ar_internal_metadata"."key" = $1 LIMIT $2[0m  [["key", "environment"], ["LIMIT", 1]]
  ↳ bin/rails:9
  [1m[35m (0.2ms)[0m  [1m[35mBEGIN[0m
  ↳ bin/rails:9
  [1m[36mActiveRecord::InternalMetadata Create (0.7ms)[0m  [1m[32mINSERT INTO "ar_internal_metadata" ("key", "value", "created_at", "updated_at") VALUES ($1, $2, $3, $4) RETURNING "key"[0m  [["key", "environment"], ["value", "development"], ["created_at", "2020-12-23 23:16:55.741170"], ["updated_at", "2020-12-23 23:16:55.741170"]]
  ↳ bin/rails:9
  [1m[35m (0.2ms)[0m  [1m[35mCOMMIT[0m
  ↳ bin/rails:9
  [1m[35m (0.1ms)[0m  [1m[34mSELECT pg_advisory_unlock(6104494822616622285)[0m
  ↳ bin/rails:9
  [1m[35m (0.2ms)[0m  [1m[34mSELECT "schema_migrations"."version" FROM "schema_migrations" ORDER BY "schema_migrations"."version" ASC[0m
  ↳ bin/rails:9
  [1m[35m (0.2ms)[0m  [1m[34mSELECT pg_try_advisory_lock(6104494822616622285)[0m
  ↳ bin/rails:9
  [1m[35m (0.5ms)[0m  [1m[34mSELECT "schema_migrations"."version" FROM "schema_migrations" ORDER BY "schema_migrations"."version" ASC[0m
  ↳ bin/rails:9
  [1m[36mActiveRecord::InternalMetadata Load (5.0ms)[0m  [1m[34mSELECT  "ar_internal_metadata".* FROM "ar_internal_metadata" WHERE "ar_internal_metadata"."key" = $1 LIMIT $2[0m  [["key", "environment"], ["LIMIT", 1]]
  ↳ bin/rails:9
  [1m[35m (0.1ms)[0m  [1m[35mBEGIN[0m
  ↳ bin/rails:9
  [1m[35m (0.1ms)[0m  [1m[35mCOMMIT[0m
  ↳ bin/rails:9
  [1m[35m (0.2ms)[0m  [1m[34mSELECT pg_advisory_unlock(6104494822616622285)[0m
  ↳ bin/rails:9
  [1m[35m (0.2ms)[0m  [1m[34mSELECT "schema_migrations"."version" FROM "schema_migrations" ORDER BY "schema_migrations"."version" ASC[0m
  ↳ bin/rails:9
  [1m[35m (0.2ms)[0m  [1m[34mSELECT pg_try_advisory_lock(6104494822616622285)[0m
  ↳ bin/rails:9
  [1m[35m (0.7ms)[0m  [1m[34mSELECT "schema_migrations"."version" FROM "schema_migrations" ORDER BY "schema_migrations"."version" ASC[0m
  ↳ bin/rails:9
  [1m[36mActiveRecord::InternalMetadata Load (0.3ms)[0m  [1m[34mSELECT  "ar_internal_metadata".* FROM "ar_internal_metadata" WHERE "ar_internal_metadata"."key" = $1 LIMIT $2[0m  [["key", "environment"], ["LIMIT", 1]]
  ↳ bin/rails:9
  [1m[35m (0.1ms)[0m  [1m[35mBEGIN[0m
  ↳ bin/rails:9
  [1m[35m (0.1ms)[0m  [1m[35mCOMMIT[0m
  ↳ bin/rails:9
  [1m[35m (0.2ms)[0m  [1m[34mSELECT pg_advisory_unlock(6104494822616622285)[0m
  ↳ bin/rails:9
  [1m[35m (0.2ms)[0m  [1m[34mSELECT "schema_migrations"."version" FROM "schema_migrations" ORDER BY "schema_migrations"."version" ASC[0m
  ↳ bin/rails:9
  [1m[35m (0.2ms)[0m  [1m[34mSELECT pg_try_advisory_lock(6104494822616622285)[0m
  ↳ bin/rails:9
  [1m[35m (0.4ms)[0m  [1m[34mSELECT "schema_migrations"."version" FROM "schema_migrations" ORDER BY "schema_migrations"."version" ASC[0m
  ↳ bin/rails:9
Migrating to CreatePatient (20201223232131)
  [1m[35m (0.1ms)[0m  [1m[35mBEGIN[0m
  ↳ bin/rails:9
  [1m[35m (6.4ms)[0m  [1m[35mCREATE TABLE "patients" ("id" bigserial primary key, "name" character varying NOT NULL, "time" character varying NOT NULL, "kind" character varying NOT NULL, "physician_id" integer NOT NULL)[0m
  ↳ db/migrate/20201223232131_create_patient.rb:3
  [1m[36mActiveRecord::SchemaMigration Create (0.2ms)[0m  [1m[32mINSERT INTO "schema_migrations" ("version") VALUES ($1) RETURNING "version"[0m  [["version", "20201223232131"]]
  ↳ bin/rails:9
  [1m[35m (0.4ms)[0m  [1m[35mCOMMIT[0m
  ↳ bin/rails:9
  [1m[36mActiveRecord::InternalMetadata Load (0.4ms)[0m  [1m[34mSELECT  "ar_internal_metadata".* FROM "ar_internal_metadata" WHERE "ar_internal_metadata"."key" = $1 LIMIT $2[0m  [["key", "environment"], ["LIMIT", 1]]
  ↳ bin/rails:9
  [1m[35m (0.1ms)[0m  [1m[35mBEGIN[0m
  ↳ bin/rails:9
  [1m[35m (0.1ms)[0m  [1m[35mCOMMIT[0m
  ↳ bin/rails:9
  [1m[35m (0.2ms)[0m  [1m[34mSELECT pg_advisory_unlock(6104494822616622285)[0m
  ↳ bin/rails:9
  [1m[35m (0.2ms)[0m  [1m[34mSELECT "schema_migrations"."version" FROM "schema_migrations" ORDER BY "schema_migrations"."version" ASC[0m
  ↳ bin/rails:9
  [1m[35m (0.5ms)[0m  [1m[34mSELECT "schema_migrations"."version" FROM "schema_migrations" ORDER BY "schema_migrations"."version" ASC[0m
  ↳ bin/rails:9
  [1m[35m (0.5ms)[0m  [1m[34mSELECT "schema_migrations"."version" FROM "schema_migrations" ORDER BY "schema_migrations"."version" ASC[0m
  ↳ bin/rails:9
  [1m[35m (0.4ms)[0m  [1m[34mSELECT "schema_migrations"."version" FROM "schema_migrations" ORDER BY "schema_migrations"."version" ASC[0m
  ↳ bin/rails:9
  [1m[36mPhysician Load (3.6ms)[0m  [1m[34mSELECT "physicians".* FROM "physicians"[0m
  ↳ db/seeds.rb:10
  [1m[35m (0.5ms)[0m  [1m[34mSELECT "schema_migrations"."version" FROM "schema_migrations" ORDER BY "schema_migrations"."version" ASC[0m
  ↳ bin/rails:9
  [1m[36mPhysician Load (0.7ms)[0m  [1m[34mSELECT "physicians".* FROM "physicians"[0m
  ↳ db/seeds.rb:10
  [1m[35m (0.6ms)[0m  [1m[34mSELECT "schema_migrations"."version" FROM "schema_migrations" ORDER BY "schema_migrations"."version" ASC[0m
  ↳ bin/rails:9
  [1m[35m (0.7ms)[0m  [1m[35mBEGIN[0m
  ↳ db/seeds.rb:10
  [1m[36mPhysician Create (1.2ms)[0m  [1m[32mINSERT INTO "physicians" ("name") VALUES ($1) RETURNING "id"[0m  [["name", "Algernop Krieger"]]
  ↳ db/seeds.rb:10
  [1m[35m (0.6ms)[0m  [1m[35mCOMMIT[0m
  ↳ db/seeds.rb:10
  [1m[35m (1.0ms)[0m  [1m[35mBEGIN[0m
  ↳ db/seeds.rb:11
  [1m[36mPhysician Create (0.7ms)[0m  [1m[32mINSERT INTO "physicians" ("name") VALUES ($1) RETURNING "id"[0m  [["name", "Nick Riveiera"]]
  ↳ db/seeds.rb:11
  [1m[35m (0.7ms)[0m  [1m[35mCOMMIT[0m
  ↳ db/seeds.rb:11
  [1m[35m (0.1ms)[0m  [1m[35mBEGIN[0m
  ↳ db/seeds.rb:12
  [1m[36mPhysician Create (0.2ms)[0m  [1m[32mINSERT INTO "physicians" ("name") VALUES ($1) RETURNING "id"[0m  [["name", "Julius Hibbert"]]
  ↳ db/seeds.rb:12
  [1m[35m (0.3ms)[0m  [1m[35mCOMMIT[0m
  ↳ db/seeds.rb:12
  [1m[35m (0.5ms)[0m  [1m[34mSELECT "schema_migrations"."version" FROM "schema_migrations" ORDER BY "schema_migrations"."version" ASC[0m
  ↳ bin/rails:9
  [1m[36mPhysician Load (0.3ms)[0m  [1m[34mSELECT "physicians".* FROM "physicians"[0m
  ↳ db/seeds.rb:10
  [1m[35m (0.1ms)[0m  [1m[35mBEGIN[0m
  ↳ db/seeds.rb:10
  [1m[36mPhysician Destroy (7.2ms)[0m  [1m[31mDELETE FROM "physicians" WHERE "physicians"."id" = $1[0m  [["id", 1]]
  ↳ db/seeds.rb:10
  [1m[35m (0.3ms)[0m  [1m[35mCOMMIT[0m
  ↳ db/seeds.rb:10
  [1m[35m (0.1ms)[0m  [1m[35mBEGIN[0m
  ↳ db/seeds.rb:10
  [1m[36mPhysician Destroy (1.3ms)[0m  [1m[31mDELETE FROM "physicians" WHERE "physicians"."id" = $1[0m  [["id", 2]]
  ↳ db/seeds.rb:10
  [1m[35m (0.2ms)[0m  [1m[35mCOMMIT[0m
  ↳ db/seeds.rb:10
  [1m[35m (0.1ms)[0m  [1m[35mBEGIN[0m
  ↳ db/seeds.rb:10
  [1m[36mPhysician Destroy (0.2ms)[0m  [1m[31mDELETE FROM "physicians" WHERE "physicians"."id" = $1[0m  [["id", 3]]
  ↳ db/seeds.rb:10
  [1m[35m (0.2ms)[0m  [1m[35mCOMMIT[0m
  ↳ db/seeds.rb:10
  [1m[36mPatient Load (3.9ms)[0m  [1m[34mSELECT "patients".* FROM "patients"[0m
  ↳ db/seeds.rb:11
  [1m[35m (0.1ms)[0m  [1m[35mBEGIN[0m
  ↳ db/seeds.rb:13
  [1m[36mPhysician Create (0.2ms)[0m  [1m[32mINSERT INTO "physicians" ("name") VALUES ($1) RETURNING "id"[0m  [["name", "Algernop Krieger"]]
  ↳ db/seeds.rb:13
  [1m[35m (0.2ms)[0m  [1m[35mCOMMIT[0m
  ↳ db/seeds.rb:13
  [1m[35m (0.1ms)[0m  [1m[35mBEGIN[0m
  ↳ db/seeds.rb:14
  [1m[36mPhysician Create (0.2ms)[0m  [1m[32mINSERT INTO "physicians" ("name") VALUES ($1) RETURNING "id"[0m  [["name", "Nick Riveiera"]]
  ↳ db/seeds.rb:14
  [1m[35m (0.2ms)[0m  [1m[35mCOMMIT[0m
  ↳ db/seeds.rb:14
  [1m[35m (0.2ms)[0m  [1m[35mBEGIN[0m
  ↳ db/seeds.rb:15
  [1m[36mPhysician Create (0.1ms)[0m  [1m[32mINSERT INTO "physicians" ("name") VALUES ($1) RETURNING "id"[0m  [["name", "Julius Hibbert"]]
  ↳ db/seeds.rb:15
  [1m[35m (0.2ms)[0m  [1m[35mCOMMIT[0m
  ↳ db/seeds.rb:15
  [1m[35m (0.1ms)[0m  [1m[35mBEGIN[0m
  ↳ db/seeds.rb:17
  [1m[36mPhysician Load (0.2ms)[0m  [1m[34mSELECT  "physicians".* FROM "physicians" WHERE "physicians"."id" = $1 LIMIT $2[0m  [["id", 6], ["LIMIT", 1]]
  ↳ db/seeds.rb:17
  [1m[36mPatient Create (0.4ms)[0m  [1m[32mINSERT INTO "patients" ("name", "time", "kind", "physician_id") VALUES ($1, $2, $3, $4) RETURNING "id"[0m  [["name", "Sterling Archer"], ["time", "8:00AM"], ["kind", "New Patient"], ["physician_id", 6]]
  ↳ db/seeds.rb:17
  [1m[35m (0.2ms)[0m  [1m[35mCOMMIT[0m
  ↳ db/seeds.rb:17
  [1m[35m (0.1ms)[0m  [1m[35mBEGIN[0m
  ↳ db/seeds.rb:18
  [1m[36mPhysician Load (0.2ms)[0m  [1m[34mSELECT  "physicians".* FROM "physicians" WHERE "physicians"."id" = $1 LIMIT $2[0m  [["id", 5], ["LIMIT", 1]]
  ↳ db/seeds.rb:18
  [1m[36mPatient Create (0.3ms)[0m  [1m[32mINSERT INTO "patients" ("name", "time", "kind", "physician_id") VALUES ($1, $2, $3, $4) RETURNING "id"[0m  [["name", "Cyril Figis"], ["time", "9:00AM"], ["kind", "Follow-up"], ["physician_id", 5]]
  ↳ db/seeds.rb:18
  [1m[35m (0.3ms)[0m  [1m[35mCOMMIT[0m
  ↳ db/seeds.rb:18
  [1m[36mPatient Load (0.6ms)[0m  [1m[34mSELECT "patients".* FROM "patients"[0m
Started GET "/" for ::1 at 2020-12-23 16:29:16 -0800
  [1m[35m (0.9ms)[0m  [1m[34mSELECT "schema_migrations"."version" FROM "schema_migrations" ORDER BY "schema_migrations"."version" ASC[0m
  ↳ /Users/jackyli/.rbenv/versions/2.5.1/lib/ruby/gems/2.5.0/gems/activerecord-5.2.4.4/lib/active_record/log_subscriber.rb:98

ActionController::RoutingError - uninitialized constant StaticPagesController:

Started POST "/__better_errors/cf8d610f78d2a527/variables" for ::1 at 2020-12-23 16:29:16 -0800
Started GET "/" for ::1 at 2020-12-23 16:30:31 -0800

ActionController::RoutingError - uninitialized constant StaticPagesController:

Started POST "/__better_errors/5f7e5d4afea19c80/variables" for ::1 at 2020-12-23 16:30:32 -0800
Started GET "/" for ::1 at 2020-12-23 16:34:23 -0800

ActionController::RoutingError - uninitialized constant StaticPagesController:

Started POST "/__better_errors/2370a4628daaac34/variables" for ::1 at 2020-12-23 16:34:24 -0800
Started GET "/" for ::1 at 2020-12-23 16:34:24 -0800

ActionController::RoutingError - uninitialized constant StaticPagesController:

Started POST "/__better_errors/f91b5a96924876e1/variables" for ::1 at 2020-12-23 16:34:25 -0800
Started POST "/__better_errors/f91b5a96924876e1/variables" for ::1 at 2020-12-23 16:34:25 -0800
Started GET "/" for ::1 at 2020-12-23 16:37:18 -0800
Processing by Rails::WelcomeController#index as HTML
  Rendering /Users/jackyli/.rbenv/versions/2.5.1/lib/ruby/gems/2.5.0/gems/railties-5.2.4.4/lib/rails/templates/rails/welcome/index.html.erb
  Rendered /Users/jackyli/.rbenv/versions/2.5.1/lib/ruby/gems/2.5.0/gems/railties-5.2.4.4/lib/rails/templates/rails/welcome/index.html.erb (3.4ms)
Completed 200 OK in 20ms (Views: 11.1ms | ActiveRecord: 0.0ms)


Started GET "/" for ::1 at 2020-12-23 16:37:20 -0800
Processing by Rails::WelcomeController#index as HTML
  Rendering /Users/jackyli/.rbenv/versions/2.5.1/lib/ruby/gems/2.5.0/gems/railties-5.2.4.4/lib/rails/templates/rails/welcome/index.html.erb
  Rendered /Users/jackyli/.rbenv/versions/2.5.1/lib/ruby/gems/2.5.0/gems/railties-5.2.4.4/lib/rails/templates/rails/welcome/index.html.erb (2.7ms)
Completed 200 OK in 10ms (Views: 6.3ms | ActiveRecord: 0.0ms)


Started GET "/" for ::1 at 2020-12-23 16:38:44 -0800
Processing by Rails::WelcomeController#index as HTML
  Rendering /Users/jackyli/.rbenv/versions/2.5.1/lib/ruby/gems/2.5.0/gems/railties-5.2.4.4/lib/rails/templates/rails/welcome/index.html.erb
  Rendered /Users/jackyli/.rbenv/versions/2.5.1/lib/ruby/gems/2.5.0/gems/railties-5.2.4.4/lib/rails/templates/rails/welcome/index.html.erb (2.1ms)
Completed 200 OK in 8ms (Views: 4.3ms | ActiveRecord: 0.0ms)


Started GET "/" for ::1 at 2020-12-23 16:38:55 -0800
Processing by Rails::WelcomeController#index as HTML
  Rendering /Users/jackyli/.rbenv/versions/2.5.1/lib/ruby/gems/2.5.0/gems/railties-5.2.4.4/lib/rails/templates/rails/welcome/index.html.erb
  Rendered /Users/jackyli/.rbenv/versions/2.5.1/lib/ruby/gems/2.5.0/gems/railties-5.2.4.4/lib/rails/templates/rails/welcome/index.html.erb (3.6ms)
Completed 200 OK in 10ms (Views: 6.4ms | ActiveRecord: 0.0ms)


Started GET "/" for ::1 at 2020-12-23 16:38:57 -0800
Processing by Rails::WelcomeController#index as HTML
  Rendering /Users/jackyli/.rbenv/versions/2.5.1/lib/ruby/gems/2.5.0/gems/railties-5.2.4.4/lib/rails/templates/rails/welcome/index.html.erb
  Rendered /Users/jackyli/.rbenv/versions/2.5.1/lib/ruby/gems/2.5.0/gems/railties-5.2.4.4/lib/rails/templates/rails/welcome/index.html.erb (3.6ms)
Completed 200 OK in 12ms (Views: 8.4ms | ActiveRecord: 0.0ms)


Started GET "/" for ::1 at 2020-12-23 16:40:03 -0800
Processing by Rails::WelcomeController#index as HTML
  Rendering /Users/jackyli/.rbenv/versions/2.5.1/lib/ruby/gems/2.5.0/gems/railties-5.2.4.4/lib/rails/templates/rails/welcome/index.html.erb
  Rendered /Users/jackyli/.rbenv/versions/2.5.1/lib/ruby/gems/2.5.0/gems/railties-5.2.4.4/lib/rails/templates/rails/welcome/index.html.erb (2.7ms)
Completed 200 OK in 11ms (Views: 6.6ms | ActiveRecord: 0.0ms)


Started GET "/" for ::1 at 2020-12-23 16:40:17 -0800

ActionController::RoutingError - uninitialized constant StaticPagesController:

Started POST "/__better_errors/d85d52a7759e24e6/variables" for ::1 at 2020-12-23 16:40:17 -0800
Started GET "/" for ::1 at 2020-12-23 16:40:18 -0800

ActionController::RoutingError - uninitialized constant StaticPagesController:

Started POST "/__better_errors/e8f286dd8dcd3c76/variables" for ::1 at 2020-12-23 16:40:18 -0800
Started GET "/" for ::1 at 2020-12-23 16:44:04 -0800
Processing by Rails::WelcomeController#index as HTML
  Rendering /Users/jackyli/.rbenv/versions/2.5.1/lib/ruby/gems/2.5.0/gems/railties-5.2.4.4/lib/rails/templates/rails/welcome/index.html.erb
  Rendered /Users/jackyli/.rbenv/versions/2.5.1/lib/ruby/gems/2.5.0/gems/railties-5.2.4.4/lib/rails/templates/rails/welcome/index.html.erb (3.6ms)
Completed 200 OK in 11ms (Views: 6.0ms | ActiveRecord: 0.0ms)


Started GET "/" for ::1 at 2020-12-23 16:44:06 -0800
Processing by Rails::WelcomeController#index as HTML
  Rendering /Users/jackyli/.rbenv/versions/2.5.1/lib/ruby/gems/2.5.0/gems/railties-5.2.4.4/lib/rails/templates/rails/welcome/index.html.erb
  Rendered /Users/jackyli/.rbenv/versions/2.5.1/lib/ruby/gems/2.5.0/gems/railties-5.2.4.4/lib/rails/templates/rails/welcome/index.html.erb (2.3ms)
Completed 200 OK in 10ms (Views: 5.5ms | ActiveRecord: 0.0ms)


Started GET "/" for ::1 at 2020-12-23 16:47:19 -0800
Processing by Rails::WelcomeController#index as HTML
  Rendering /Users/jackyli/.rbenv/versions/2.5.1/lib/ruby/gems/2.5.0/gems/railties-5.2.4.4/lib/rails/templates/rails/welcome/index.html.erb
  Rendered /Users/jackyli/.rbenv/versions/2.5.1/lib/ruby/gems/2.5.0/gems/railties-5.2.4.4/lib/rails/templates/rails/welcome/index.html.erb (5.1ms)
Completed 200 OK in 14ms (Views: 8.6ms | ActiveRecord: 0.0ms)


Started GET "/" for ::1 at 2020-12-23 16:48:31 -0800

ActionController::RoutingError - uninitialized constant StaticPagesController:

Started POST "/__better_errors/c83b005be8402022/variables" for ::1 at 2020-12-23 16:48:32 -0800
Started GET "/" for ::1 at 2020-12-23 16:50:38 -0800

ActionController::RoutingError - uninitialized constant StaticPagesController:

Started POST "/__better_errors/c18742643983c92d/variables" for ::1 at 2020-12-23 16:50:38 -0800
Started GET "/" for ::1 at 2020-12-23 16:53:07 -0800

ActionController::RoutingError - uninitialized constant StaticPagesController:

Started POST "/__better_errors/c2fa31bd11ab29c4/variables" for ::1 at 2020-12-23 16:53:07 -0800
Started POST "/__better_errors/c2fa31bd11ab29c4/variables" for ::1 at 2020-12-23 16:53:13 -0800
Started POST "/__better_errors/c2fa31bd11ab29c4/variables" for ::1 at 2020-12-23 16:53:15 -0800
Started GET "/" for ::1 at 2020-12-23 16:53:18 -0800

ActionController::RoutingError - uninitialized constant StaticPagesController:

Started POST "/__better_errors/2f211c2521cb1983/variables" for ::1 at 2020-12-23 16:53:18 -0800
Started GET "/" for ::1 at 2020-12-23 17:05:59 -0800

ActionController::RoutingError - uninitialized constant StaticPagesController:

Started POST "/__better_errors/5eaf96c0a09c9254/variables" for ::1 at 2020-12-23 17:06:00 -0800
Started GET "/" for ::1 at 2020-12-23 17:06:02 -0800

ActionController::RoutingError - uninitialized constant StaticPagesController:

Started POST "/__better_errors/cef85c6035cdee63/variables" for ::1 at 2020-12-23 17:06:02 -0800
Started GET "/" for ::1 at 2020-12-23 17:06:23 -0800
Processing by Rails::WelcomeController#index as HTML
  Rendering /Users/jackyli/.rbenv/versions/2.5.1/lib/ruby/gems/2.5.0/gems/railties-5.2.4.4/lib/rails/templates/rails/welcome/index.html.erb
  Rendered /Users/jackyli/.rbenv/versions/2.5.1/lib/ruby/gems/2.5.0/gems/railties-5.2.4.4/lib/rails/templates/rails/welcome/index.html.erb (2.5ms)
Completed 200 OK in 9ms (Views: 5.0ms | ActiveRecord: 0.0ms)


Started GET "/" for ::1 at 2020-12-23 17:07:23 -0800

ActionController::RoutingError - uninitialized constant StaticPagesController:

Started POST "/__better_errors/bf9620202cef83e3/variables" for ::1 at 2020-12-23 17:07:24 -0800
Started GET "/" for ::1 at 2020-12-23 17:07:25 -0800

ActionController::RoutingError - uninitialized constant StaticPagesController:

Started POST "/__better_errors/270955a5e5b4cfb0/variables" for ::1 at 2020-12-23 17:07:25 -0800
Started GET "/" for ::1 at 2020-12-23 17:08:42 -0800
Processing by StaticPagesController#root as HTML
  Rendering static_pages/root.html.erb within layouts/application
  Rendered static_pages/root.html.erb within layouts/application (0.6ms)
Completed 200 OK in 2388ms (Views: 2386.4ms | ActiveRecord: 0.0ms)


Started GET "/" for ::1 at 2020-12-23 17:08:51 -0800
Processing by StaticPagesController#root as HTML
  Rendering static_pages/root.html.erb within layouts/application
  Rendered static_pages/root.html.erb within layouts/application (0.5ms)
Completed 200 OK in 24ms (Views: 21.7ms | ActiveRecord: 0.0ms)


Started GET "/" for ::1 at 2020-12-23 17:12:22 -0800
Processing by StaticPagesController#root as HTML
  Rendering static_pages/root.html.erb within layouts/application
  Rendered static_pages/root.html.erb within layouts/application (1.5ms)
Completed 200 OK in 440ms (Views: 434.5ms | ActiveRecord: 0.0ms)


Started GET "/" for ::1 at 2020-12-23 17:12:25 -0800
Processing by StaticPagesController#root as HTML
  Rendering static_pages/root.html.erb within layouts/application
  Rendered static_pages/root.html.erb within layouts/application (0.5ms)
Completed 200 OK in 27ms (Views: 25.5ms | ActiveRecord: 0.0ms)


Started GET "/" for ::1 at 2020-12-23 17:14:16 -0800
Processing by StaticPagesController#root as HTML
  Rendering static_pages/root.html.erb within layouts/application
  Rendered static_pages/root.html.erb within layouts/application (0.3ms)
Completed 200 OK in 375ms (Views: 373.2ms | ActiveRecord: 0.0ms)


Started GET "/" for ::1 at 2020-12-23 17:14:36 -0800
Processing by StaticPagesController#root as HTML
  Rendering static_pages/root.html.erb within layouts/application
  Rendered static_pages/root.html.erb within layouts/application (1.6ms)
Completed 200 OK in 458ms (Views: 449.2ms | ActiveRecord: 0.0ms)


Started GET "/" for ::1 at 2020-12-23 17:15:18 -0800
Processing by StaticPagesController#root as HTML
  Rendering static_pages/root.html.erb within layouts/application
  Rendered static_pages/root.html.erb within layouts/application (0.3ms)
Completed 200 OK in 635ms (Views: 630.0ms | ActiveRecord: 0.0ms)


Started GET "/" for ::1 at 2020-12-23 17:15:21 -0800
Processing by StaticPagesController#root as HTML
  Rendering static_pages/root.html.erb within layouts/application
  Rendered static_pages/root.html.erb within layouts/application (0.5ms)
Completed 200 OK in 22ms (Views: 20.2ms | ActiveRecord: 0.0ms)


Started GET "/" for ::1 at 2020-12-23 17:16:27 -0800
Processing by StaticPagesController#root as HTML
  Rendering static_pages/root.html.erb within layouts/application
  Rendered static_pages/root.html.erb within layouts/application (1.3ms)
Completed 200 OK in 50ms (Views: 48.6ms | ActiveRecord: 0.0ms)


Started GET "/" for ::1 at 2020-12-23 17:16:52 -0800
Processing by StaticPagesController#root as HTML
  Rendering static_pages/root.html.erb within layouts/application
  Rendered static_pages/root.html.erb within layouts/application (0.6ms)
Completed 200 OK in 344ms (Views: 342.1ms | ActiveRecord: 0.0ms)


Started GET "/" for ::1 at 2020-12-23 17:16:53 -0800
Processing by StaticPagesController#root as HTML
  Rendering static_pages/root.html.erb within layouts/application
  Rendered static_pages/root.html.erb within layouts/application (0.3ms)
Completed 200 OK in 20ms (Views: 17.3ms | ActiveRecord: 0.0ms)


Started GET "/" for ::1 at 2020-12-23 17:17:23 -0800
Processing by StaticPagesController#root as HTML
  Rendering static_pages/root.html.erb within layouts/application
  Rendered static_pages/root.html.erb within layouts/application (0.4ms)
Completed 200 OK in 382ms (Views: 379.9ms | ActiveRecord: 0.0ms)


Started GET "/" for ::1 at 2020-12-23 17:18:06 -0800
Processing by StaticPagesController#root as HTML
  Rendering static_pages/root.html.erb within layouts/application
  Rendered static_pages/root.html.erb within layouts/application (1.1ms)
Completed 200 OK in 357ms (Views: 353.8ms | ActiveRecord: 0.0ms)


Started GET "/" for ::1 at 2020-12-23 17:19:46 -0800
Processing by StaticPagesController#root as HTML
  Rendering static_pages/root.html.erb within layouts/application
  Rendered static_pages/root.html.erb within layouts/application (0.5ms)
Completed 200 OK in 437ms (Views: 435.3ms | ActiveRecord: 0.0ms)


Started GET "/" for ::1 at 2020-12-23 17:19:52 -0800
Processing by StaticPagesController#root as HTML
  Rendering static_pages/root.html.erb within layouts/application
  Rendered static_pages/root.html.erb within layouts/application (0.3ms)
Completed 200 OK in 33ms (Views: 30.5ms | ActiveRecord: 0.0ms)


Started GET "/" for ::1 at 2020-12-23 17:20:40 -0800
Processing by StaticPagesController#root as HTML
  Rendering static_pages/root.html.erb within layouts/application
  Rendered static_pages/root.html.erb within layouts/application (0.5ms)
Completed 200 OK in 343ms (Views: 340.6ms | ActiveRecord: 0.0ms)


Started GET "/" for ::1 at 2020-12-23 17:21:02 -0800
Processing by StaticPagesController#root as HTML
  Rendering static_pages/root.html.erb within layouts/application
  Rendered static_pages/root.html.erb within layouts/application (1.0ms)
Completed 200 OK in 433ms (Views: 429.6ms | ActiveRecord: 0.0ms)


Started GET "/" for ::1 at 2020-12-23 17:22:29 -0800
Processing by StaticPagesController#root as HTML
  Rendering static_pages/root.html.erb within layouts/application
  Rendered static_pages/root.html.erb within layouts/application (2.1ms)
Completed 200 OK in 402ms (Views: 394.8ms | ActiveRecord: 0.0ms)


Started GET "/" for ::1 at 2020-12-23 17:25:03 -0800
Processing by StaticPagesController#root as HTML
  Rendering static_pages/root.html.erb within layouts/application
  Rendered static_pages/root.html.erb within layouts/application (2.3ms)
Completed 200 OK in 624ms (Views: 619.7ms | ActiveRecord: 0.0ms)


